// dataflow 1.2.0.RELEASE log opened at 2022-08-05 14:27:33
app list
app info --type task timestamp
app info --type task transform
task list
task execution status 1
// [failed] task all destroy 
task all destroy 
task list
task create dispatcher --definition "transform"
task list
task launch dispatcher
task execution status 4
task execution status 4
// [failed] task execution log 4
// [failed] task execution log 4
// [failed] task execution log 4
task execution list 
// [failed] task execution log 1
exit
// dataflow 1.2.0.RELEASE log closed at 2022-08-05 14:52:48
// null 1.2.0.RELEASE log opened at 2022-08-05 15:58:38
version
date
// [failed] app register --name transform --type task --uri file://home/cnb/scdf/ml-tasks/ml-transform/transform-0.0.1-SNAPSHOT.jar
// null 1.2.0.RELEASE log opened at 2022-08-05 16:01:11
version
date
// [failed] app register --name transform --type task --uri file://home/cnb/scdf/ml-tasks/ml-transform/transform-0.0.1-SNAPSHOT.jar
// null 1.2.0.RELEASE log opened at 2022-08-05 16:01:30
version
date
task launch dispatcher
// null 1.2.0.RELEASE log opened at 2022-08-05 16:14:39
version
date
// [failed] app register --name transform --type task --uri file://home/cnb/scdf/ml-tasks/ml-transform/transform-0.0.1-SNAPSHOT.jar
// null 1.2.0.RELEASE log opened at 2022-08-05 16:15:31
version
date
// [failed] app register --name transform --type task --uri file://home/cnb/scdf/ml-tasks/ml-transform/transform-0.0.1-SNAPSHOT.jar
// null 1.2.0.RELEASE log opened at 2022-08-05 16:15:33
version
date
// [failed] task create dispatcher --definition "transform && aggregate"
// null 1.2.0.RELEASE log opened at 2022-08-05 16:15:57
version
date
task launch dispatcher
// null 1.2.0.RELEASE log opened at 2022-08-05 16:44:02
version
date
// null 1.2.0.RELEASE log opened at 2022-08-05 16:44:03
version
date
